#
# A fatal error has been detected by the Java Runtime Environment:
#
#  SIGSEGV (0xb) at pc=0x000000010b0dfd3c, pid=7370, tid=13827
#
# JRE version: 7.0_11-b21
# Java VM: Java HotSpot(TM) 64-Bit Server VM (23.6-b04 mixed mode bsd-amd64 compressed oops)
# Problematic frame:
# V  [libjvm.dylib+0x2cbd3c]
#
# Failed to write core dump. Core dumps have been disabled. To enable core dumping, try "ulimit -c unlimited" before starting Java again
#
# If you would like to submit a bug report, please visit:
#   http://bugreport.sun.com/bugreport/crash.jsp
#

---------------  T H R E A D  ---------------

Current thread (0x00007ff944008000):  JavaThread "JDWP Transport Listener: dt_socket" daemon [_thread_in_vm, id=13827, stack(0x000070000072f000,0x000070000082f000)]

siginfo:si_signo=SIGSEGV: si_errno=0, si_code=0 (SEGV0), si_addr=0x0000000000000000

Registers:
RAX=0x0000000000000001, RBX=0x000070000082eacb, RCX=0x00000000000fc080, RDX=0x000070000082eacb
RSP=0x000070000082ea30, RBP=0x000070000082ea80, RSI=0x00007ff944008000, RDI=0x00007ff942600c30
R8 =0x0000000000000000, R9 =0x00007ff9426617a0, R10=0x000000000151818a, R11=0x00007ff942600000
R12=0x00007ff944008000, R13=0x656d614e79636e65, R14=0x656d614e79636e65, R15=0x00007ff942600c30
RIP=0x000000010b0dfd3c, EFLAGS=0x0000000000010206, ERR=0x0000000000000000
  TRAPNO=0x000000000000000d

Top of Stack: (sp=0x000070000082ea30)
0x000070000082ea30:   00007ff944008000 0000000000000000
0x000070000082ea40:   0000000000000000 0000000000000000
0x000070000082ea50:   00007ff944008000 00007ff944008000
0x000070000082ea60:   000070000082eacb 000070000082ead0
0x000070000082ea70:   656d614e79636e65 0000000000000003
0x000070000082ea80:   000070000082eaa0 000000010b91d280
0x000070000082ea90:   0000000000000001 000070000082eb48
0x000070000082eaa0:   000070000082eb10 000000010b90215b
0x000070000082eab0:   000070000082eae0 00007ff942661780
0x000070000082eac0:   0000000400000032 000000090082eb48
0x000070000082ead0:   0000000000000000 0000000000000000
0x000070000082eae0:   0000000000000000 000070000082ecd0
0x000070000082eaf0:   000000010b924da4 00007ff942714a60
0x000070000082eb00:   000070000082eb48 000000010b930568
0x000070000082eb10:   000070000082eb20 000000010b902254
0x000070000082eb20:   000070000082ed40 000000010b90b75e
0x000070000082eb30:   000004e900000013 00000000000f0200
0x000070000082eb40:   00007ff94270f840 000070000082ec6d
0x000070000082eb50:   00007ff900000057 000070000082eb60
0x000070000082eb60:   00007ff9000000d5 000070000082eb98
0x000070000082eb70:   0000000000000000 0000000000000000
0x000070000082eb80:   000004e90000001c 00007fff00001380
0x000070000082eb90:   000070000082eb98 f97f000004000000
0x000070000082eba0:   0700000090d85142 0061746144746567
0x000070000082ebb0:   76616a4c28250000 532f6c6974752f61
0x000070000082ebc0:   293b72656e6e6163 74752f6176616a4c
0x000070000082ebd0:   3b7473694c2f6c69 616a4c283a000000
0x000070000082ebe0:   2f6c6974752f6176 3b72656e6e616353
0x000070000082ebf0:   752f6176616a4c29 7473694c2f6c6974
0x000070000082ec00:   6c2f6176616a4c3c 65746e492f676e61
0x000070000082ec10:   00003b3e3b726567 6142f97f00000a00
0x000070000082ec20:   693c06000000f02f 030000003e74696e 

Instructions: (pc=0x000000010b0dfd3c)
0x000000010b0dfd1c:   00 00 00 41 f6 87 68 01 00 00 10 75 07 b8 63 00
0x000000010b0dfd2c:   00 00 eb 7a 4d 85 f6 75 07 b8 17 00 00 00 eb 6e
0x000000010b0dfd3c:   4d 8b 36 48 b8 fe fe fe fe fe fe fe fe 49 39 c6
0x000000010b0dfd4c:   74 e7 4d 85 f6 74 e2 48 8d 05 16 1c 46 00 80 38 

Register to memory mapping:

RAX=0x0000000000000001 is an unknown value
RBX=0x000070000082eacb is pointing into the stack for thread: 0x00007ff944008000
RCX=0x00000000000fc080 is an unknown value
RDX=0x000070000082eacb is pointing into the stack for thread: 0x00007ff944008000
RSP=0x000070000082ea30 is pointing into the stack for thread: 0x00007ff944008000
RBP=0x000070000082ea80 is pointing into the stack for thread: 0x00007ff944008000
RSI=0x00007ff944008000 is a thread
RDI=0x00007ff942600c30 is an unknown value
R8 =0x0000000000000000 is an unknown value
R9 =0x00007ff9426617a0 is an unknown value
R10=0x000000000151818a is an unknown value
R11=0x00007ff942600000 is an unknown value
R12=0x00007ff944008000 is a thread
R13=0x656d614e79636e65 is an unknown value
R14=0x656d614e79636e65 is an unknown value
R15=0x00007ff942600c30 is an unknown value


Stack: [0x000070000072f000,0x000070000082f000],  sp=0x000070000082ea30,  free space=1022k
Native frames: (J=compiled Java code, j=interpreted, Vv=VM code, C=native code)
V  [libjvm.dylib+0x2cbd3c]
C  [libjdwp.dylib+0x20280]  isMethodSynthetic+0x63
C  [libjdwp.dylib+0x515b]  methods1+0x10b
C  [libjdwp.dylib+0x5254]  methodsWithGeneric+0xe
C  [libjdwp.dylib+0xe75e]  debugLoop_run+0x1ce
C  [libjdwp.dylib+0x1f1ba]  attachThread+0x4d
V  [libjvm.dylib+0x30b6a6]
V  [libjvm.dylib+0x4782b4]
V  [libjvm.dylib+0x47979a]
V  [libjvm.dylib+0x3b51b5]
C  [libsystem_pthread.dylib+0x3c13]  _pthread_body+0x83
C  [libsystem_pthread.dylib+0x3b90]  _pthread_body+0x0
C  [libsystem_pthread.dylib+0x1375]  thread_start+0xd


---------------  P R O C E S S  ---------------

Java Threads: ( => current thread )
  0x00007ff942827800 JavaThread "Service Thread" daemon [_thread_blocked, id=15107, stack(0x0000700000c3e000,0x0000700000d3e000)]
  0x00007ff942824000 JavaThread "C2 CompilerThread1" daemon [_thread_blocked, id=14851, stack(0x0000700000b3b000,0x0000700000c3b000)]
  0x00007ff942824800 JavaThread "C2 CompilerThread0" daemon [_thread_blocked, id=14595, stack(0x0000700000a38000,0x0000700000b38000)]
  0x00007ff943009800 JavaThread "JDWP Command Reader" daemon [_thread_in_native, id=14339, stack(0x0000700000935000,0x0000700000a35000)]
  0x00007ff944054000 JavaThread "JDWP Event Helper Thread" daemon [_thread_blocked, id=14083, stack(0x0000700000832000,0x0000700000932000)]
=>0x00007ff944008000 JavaThread "JDWP Transport Listener: dt_socket" daemon [_thread_in_vm, id=13827, stack(0x000070000072f000,0x000070000082f000)]
  0x00007ff943004800 JavaThread "Signal Dispatcher" daemon [_thread_blocked, id=10767, stack(0x000070000062c000,0x000070000072c000)]
  0x00007ff94281d800 JavaThread "Finalizer" daemon [_thread_blocked, id=9475, stack(0x0000700000423000,0x0000700000523000)]
  0x00007ff94281d000 JavaThread "Reference Handler" daemon [_thread_blocked, id=9219, stack(0x0000700000320000,0x0000700000420000)]
  0x00007ff943000000 JavaThread "main" [_thread_in_native, id=5379, stack(0x000070000011a000,0x000070000021a000)]

Other Threads:
  0x00007ff94281a800 VMThread [stack: 0x000070000021d000,0x000070000031d000] [id=8963]
  0x00007ff94283f000 WatcherThread [stack: 0x0000700000d41000,0x0000700000e41000] [id=15363]

VM state:not at safepoint (normal execution)

VM Mutex/Monitor currently owned by a thread: None

Heap
 def new generation   total 3840K, used 1135K [0x00000007ee600000, 0x00000007eea20000, 0x00000007f28a0000)
  eden space 3456K,  32% used [0x00000007ee600000, 0x00000007ee71bc90, 0x00000007ee960000)
  from space 384K,   0% used [0x00000007ee960000, 0x00000007ee960000, 0x00000007ee9c0000)
  to   space 384K,   0% used [0x00000007ee9c0000, 0x00000007ee9c0000, 0x00000007eea20000)
 tenured generation   total 8512K, used 0K [0x00000007f28a0000, 0x00000007f30f0000, 0x00000007fae00000)
   the space 8512K,   0% used [0x00000007f28a0000, 0x00000007f28a0000, 0x00000007f28a0200, 0x00000007f30f0000)
 compacting perm gen  total 21248K, used 3422K [0x00000007fae00000, 0x00000007fc2c0000, 0x0000000800000000)
   the space 21248K,  16% used [0x00000007fae00000, 0x00000007fb157bc0, 0x00000007fb157c00, 0x00000007fc2c0000)
No shared spaces configured.

Card table byte_map: [0x000000010b950000,0x000000010b9de000] byte_map_base: 0x00000001079dd000

Polling page: 0x000000010b8fc000

Code Cache  [0x000000010c200000, 0x000000010c470000, 0x000000010f200000)
 total_blobs=186 nmethods=3 adapters=144 free_code_cache=48764Kb largest_free_block=49919616

Compilation events (6 events):
Event: 0.235 Thread 0x00007ff942824800    1             java.lang.String::hashCode (55 bytes)
Event: 0.241 Thread 0x00007ff942824800 nmethod 1 0x000000010c25f9d0 code [0x000000010c25fb20, 0x000000010c25fcd8]
Event: 0.247 Thread 0x00007ff942824000    2             java.lang.String::charAt (29 bytes)
Event: 0.248 Thread 0x00007ff942824000 nmethod 2 0x000000010c25f450 code [0x000000010c25f5a0, 0x000000010c25f698]
Event: 0.264 Thread 0x00007ff942824800    3             sun.misc.ASCIICaseInsensitiveComparator::compare (126 bytes)
Event: 0.269 Thread 0x00007ff942824800 nmethod 3 0x000000010c2625d0 code [0x000000010c262740, 0x000000010c262b78]

GC Heap History (0 events):
No events

Deoptimization events (0 events):
No events

Internal exceptions (10 events):
Event: 0.241 Thread 0x00007ff943000000 Threw 0x00000007ee6b6c40 at /HUDSON/workspace/jdk7u11-2-build-macosx-amd64-product/jdk7u11/hotspot/src/share/vm/prims/jvm.cpp:1166
Event: 0.241 Thread 0x00007ff943000000 Threw 0x00000007ee6b6d68 at /HUDSON/workspace/jdk7u11-2-build-macosx-amd64-product/jdk7u11/hotspot/src/share/vm/prims/jvm.cpp:1166
Event: 0.243 Thread 0x00007ff943000000 Threw 0x00000007ee6c82e8 at /HUDSON/workspace/jdk7u11-2-build-macosx-amd64-product/jdk7u11/hotspot/src/share/vm/prims/jni.cpp:716
Event: 0.243 Thread 0x00007ff943000000 Threw 0x00000007ee6c8408 at /HUDSON/workspace/jdk7u11-2-build-macosx-amd64-product/jdk7u11/hotspot/src/share/vm/prims/jvm.cpp:1166
Event: 0.243 Thread 0x00007ff943000000 Threw 0x00000007ee6c8530 at /HUDSON/workspace/jdk7u11-2-build-macosx-amd64-product/jdk7u11/hotspot/src/share/vm/prims/jvm.cpp:1166
Event: 0.243 Thread 0x00007ff943000000 Threw 0x00000007ee6c8780 at /HUDSON/workspace/jdk7u11-2-build-macosx-amd64-product/jdk7u11/hotspot/src/share/vm/prims/jvm.cpp:1166
Event: 0.270 Thread 0x00007ff943000000 Threw 0x00000007ee6eced0 at /HUDSON/workspace/jdk7u11-2-build-macosx-amd64-product/jdk7u11/hotspot/src/share/vm/prims/jvm.cpp:1166
Event: 0.270 Thread 0x00007ff943000000 Threw 0x00000007ee6ecff8 at /HUDSON/workspace/jdk7u11-2-build-macosx-amd64-product/jdk7u11/hotspot/src/share/vm/prims/jvm.cpp:1166
Event: 0.271 Thread 0x00007ff943000000 Threw 0x00000007ee6f7f18 at /HUDSON/workspace/jdk7u11-2-build-macosx-amd64-product/jdk7u11/hotspot/src/share/vm/prims/jvm.cpp:1166
Event: 0.271 Thread 0x00007ff943000000 Threw 0x00000007ee6f8040 at /HUDSON/workspace/jdk7u11-2-build-macosx-amd64-product/jdk7u11/hotspot/src/share/vm/prims/jvm.cpp:1166

Events (10 events):
Event: 694.685 Executing VM operation: ChangeBreakpoints
Event: 694.685 Executing VM operation: ChangeBreakpoints done
Event: 694.686 Executing VM operation: ChangeBreakpoints
Event: 694.686 Executing VM operation: ChangeBreakpoints done
Event: 846.970 Executing VM operation: ChangeBreakpoints
Event: 846.971 Executing VM operation: ChangeBreakpoints done
Event: 846.971 Executing VM operation: ChangeBreakpoints
Event: 846.971 Executing VM operation: ChangeBreakpoints done
Event: 847.086 Executing VM operation: RedefineClasses
Event: 847.086 Executing VM operation: RedefineClasses done


Dynamic libraries:
0x000000000b0a0000 	/System/Library/Frameworks/Cocoa.framework/Versions/A/Cocoa
0x000000000b0a0000 	/System/Library/Frameworks/Security.framework/Versions/A/Security
0x000000000b0a0000 	/System/Library/Frameworks/ApplicationServices.framework/Versions/A/ApplicationServices
0x000000000b0a0000 	/usr/lib/libz.1.dylib
0x000000000b0a0000 	/usr/lib/libSystem.B.dylib
0x000000000b0a0000 	/usr/lib/libobjc.A.dylib
0x000000000b0a0000 	/System/Library/Frameworks/CoreFoundation.framework/Versions/A/CoreFoundation
0x000000000b0a0000 	/System/Library/Frameworks/AppKit.framework/Versions/C/AppKit
0x000000000b0a0000 	/System/Library/Frameworks/CoreData.framework/Versions/A/CoreData
0x000000000b0a0000 	/System/Library/Frameworks/Foundation.framework/Versions/C/Foundation
0x000000000b0a0000 	/System/Library/PrivateFrameworks/RemoteViewServices.framework/Versions/A/RemoteViewServices
0x000000000b0a0000 	/System/Library/PrivateFrameworks/UIFoundation.framework/Versions/A/UIFoundation
0x000000000b0a0000 	/usr/lib/libScreenReader.dylib
0x000000000b0a0000 	/System/Library/Frameworks/Accelerate.framework/Versions/A/Accelerate
0x000000000b0a0000 	/System/Library/Frameworks/IOSurface.framework/Versions/A/IOSurface
0x000000000b0a0000 	/System/Library/Frameworks/AudioToolbox.framework/Versions/A/AudioToolbox
0x000000000b0a0000 	/System/Library/Frameworks/AudioUnit.framework/Versions/A/AudioUnit
0x000000000b0a0000 	/System/Library/PrivateFrameworks/DataDetectorsCore.framework/Versions/A/DataDetectorsCore
0x000000000b0a0000 	/System/Library/PrivateFrameworks/DesktopServicesPriv.framework/Versions/A/DesktopServicesPriv
0x000000000b0a0000 	/System/Library/Frameworks/Carbon.framework/Versions/A/Frameworks/HIToolbox.framework/Versions/A/HIToolbox
0x000000000b0a0000 	/System/Library/Frameworks/QuartzCore.framework/Versions/A/QuartzCore
0x000000000b0a0000 	/System/Library/Frameworks/Carbon.framework/Versions/A/Frameworks/SpeechRecognition.framework/Versions/A/SpeechRecognition
0x000000000b0a0000 	/usr/lib/libauto.dylib
0x000000000b0a0000 	/usr/lib/libicucore.A.dylib
0x000000000b0a0000 	/usr/lib/libxml2.2.dylib
0x000000000b0a0000 	/System/Library/PrivateFrameworks/CoreUI.framework/Versions/A/CoreUI
0x000000000b0a0000 	/System/Library/Frameworks/CoreAudio.framework/Versions/A/CoreAudio
0x000000000b0a0000 	/System/Library/Frameworks/DiskArbitration.framework/Versions/A/DiskArbitration
0x000000000b0a0000 	/usr/lib/liblangid.dylib
0x000000000b0a0000 	/System/Library/PrivateFrameworks/MultitouchSupport.framework/Versions/A/MultitouchSupport
0x000000000b0a0000 	/System/Library/Frameworks/IOKit.framework/Versions/A/IOKit
0x000000000b0a0000 	/usr/lib/libDiagnosticMessagesClient.dylib
0x000000000b0a0000 	/System/Library/Frameworks/CoreServices.framework/Versions/A/CoreServices
0x000000000b0a0000 	/System/Library/PrivateFrameworks/PerformanceAnalysis.framework/Versions/A/PerformanceAnalysis
0x000000000b0a0000 	/System/Library/PrivateFrameworks/GenerationalStorage.framework/Versions/A/GenerationalStorage
0x000000000b0a0000 	/System/Library/Frameworks/OpenGL.framework/Versions/A/OpenGL
0x000000000b0a0000 	/System/Library/PrivateFrameworks/Sharing.framework/Versions/A/Sharing
0x000000000b0a0000 	/System/Library/Frameworks/CoreGraphics.framework/Versions/A/CoreGraphics
0x000000000b0a0000 	/System/Library/Frameworks/CoreImage.framework/Versions/A/CoreImage
0x000000000b0a0000 	/System/Library/Frameworks/CoreText.framework/Versions/A/CoreText
0x000000000b0a0000 	/System/Library/Frameworks/ImageIO.framework/Versions/A/ImageIO
0x000000000b0a0000 	/System/Library/PrivateFrameworks/Backup.framework/Versions/A/Backup
0x000000000b0a0000 	/usr/lib/libextension.dylib
0x000000000b0a0000 	/usr/lib/libarchive.2.dylib
0x000000000b0a0000 	/System/Library/Frameworks/CFNetwork.framework/Versions/A/CFNetwork
0x000000000b0a0000 	/System/Library/Frameworks/SystemConfiguration.framework/Versions/A/SystemConfiguration
0x000000000b0a0000 	/usr/lib/libCRFSuite.dylib
0x000000000b0a0000 	/usr/lib/libc++.1.dylib
0x000000000b0a0000 	/usr/lib/libc++abi.dylib
0x000000000b0a0000 	/usr/lib/system/libcache.dylib
0x000000000b0a0000 	/usr/lib/system/libcommonCrypto.dylib
0x000000000b0a0000 	/usr/lib/system/libcompiler_rt.dylib
0x000000000b0a0000 	/usr/lib/system/libcopyfile.dylib
0x000000000b0a0000 	/usr/lib/system/libcorecrypto.dylib
0x000000000b0a0000 	/usr/lib/system/libdispatch.dylib
0x000000000b0a0000 	/usr/lib/system/libdyld.dylib
0x000000000b0a0000 	/usr/lib/system/libkeymgr.dylib
0x000000000b0a0000 	/usr/lib/system/liblaunch.dylib
0x000000000b0a0000 	/usr/lib/system/libmacho.dylib
0x000000000b0a0000 	/usr/lib/system/libquarantine.dylib
0x000000000b0a0000 	/usr/lib/system/libremovefile.dylib
0x000000000b0a0000 	/usr/lib/system/libsystem_asl.dylib
0x000000000b0a0000 	/usr/lib/system/libsystem_blocks.dylib
0x000000000b0a0000 	/usr/lib/system/libsystem_c.dylib
0x000000000b0a0000 	/usr/lib/system/libsystem_configuration.dylib
0x000000000b0a0000 	/usr/lib/system/libsystem_coreservices.dylib
0x000000000b0a0000 	/usr/lib/system/libsystem_coretls.dylib
0x000000000b0a0000 	/usr/lib/system/libsystem_dnssd.dylib
0x000000000b0a0000 	/usr/lib/system/libsystem_info.dylib
0x000000000b0a0000 	/usr/lib/system/libsystem_kernel.dylib
0x000000000b0a0000 	/usr/lib/system/libsystem_m.dylib
0x000000000b0a0000 	/usr/lib/system/libsystem_malloc.dylib
0x000000000b0a0000 	/usr/lib/system/libsystem_network.dylib
0x000000000b0a0000 	/usr/lib/system/libsystem_networkextension.dylib
0x000000000b0a0000 	/usr/lib/system/libsystem_notify.dylib
0x000000000b0a0000 	/usr/lib/system/libsystem_platform.dylib
0x000000000b0a0000 	/usr/lib/system/libsystem_pthread.dylib
0x000000000b0a0000 	/usr/lib/system/libsystem_sandbox.dylib
0x000000000b0a0000 	/usr/lib/system/libsystem_secinit.dylib
0x000000000b0a0000 	/usr/lib/system/libsystem_trace.dylib
0x000000000b0a0000 	/usr/lib/system/libunc.dylib
0x000000000b0a0000 	/usr/lib/system/libunwind.dylib
0x000000000b0a0000 	/usr/lib/system/libxpc.dylib
0x000000000b0a0000 	/usr/lib/libenergytrace.dylib
0x000000000b0a0000 	/usr/lib/libbsm.0.dylib
0x000000000b0a0000 	/usr/lib/system/libkxld.dylib
0x000000000b0a0000 	/usr/lib/libxar.1.dylib
0x000000000b0a0000 	/usr/lib/libsqlite3.dylib
0x000000000b0a0000 	/usr/lib/libpam.2.dylib
0x000000000b0a0000 	/usr/lib/libOpenScriptingUtil.dylib
0x000000000b0a0000 	/usr/lib/libbz2.1.0.dylib
0x000000000b0a0000 	/usr/lib/liblzma.5.dylib
0x000000000b0a0000 	/System/Library/Frameworks/CoreServices.framework/Versions/A/Frameworks/FSEvents.framework/Versions/A/FSEvents
0x000000000b0a0000 	/System/Library/Frameworks/CoreServices.framework/Versions/A/Frameworks/CarbonCore.framework/Versions/A/CarbonCore
0x000000000b0a0000 	/System/Library/Frameworks/CoreServices.framework/Versions/A/Frameworks/Metadata.framework/Versions/A/Metadata
0x000000000b0a0000 	/System/Library/Frameworks/CoreServices.framework/Versions/A/Frameworks/OSServices.framework/Versions/A/OSServices
0x000000000b0a0000 	/System/Library/Frameworks/CoreServices.framework/Versions/A/Frameworks/SearchKit.framework/Versions/A/SearchKit
0x000000000b0a0000 	/System/Library/Frameworks/CoreServices.framework/Versions/A/Frameworks/AE.framework/Versions/A/AE
0x000000000b0a0000 	/System/Library/Frameworks/CoreServices.framework/Versions/A/Frameworks/LaunchServices.framework/Versions/A/LaunchServices
0x000000000b0a0000 	/System/Library/Frameworks/CoreServices.framework/Versions/A/Frameworks/DictionaryServices.framework/Versions/A/DictionaryServices
0x000000000b0a0000 	/System/Library/Frameworks/CoreServices.framework/Versions/A/Frameworks/SharedFileList.framework/Versions/A/SharedFileList
0x000000000b0a0000 	/System/Library/Frameworks/NetFS.framework/Versions/A/NetFS
0x000000000b0a0000 	/System/Library/PrivateFrameworks/NetAuth.framework/Versions/A/NetAuth
0x000000000b0a0000 	/System/Library/PrivateFrameworks/login.framework/Versions/A/Frameworks/loginsupport.framework/Versions/A/loginsupport
0x000000000b0a0000 	/System/Library/PrivateFrameworks/TCC.framework/Versions/A/TCC
0x000000000b0a0000 	/usr/lib/libmecabra.dylib
0x000000000b0a0000 	/System/Library/Frameworks/ApplicationServices.framework/Versions/A/Frameworks/ATS.framework/Versions/A/ATS
0x000000000b0a0000 	/System/Library/Frameworks/ApplicationServices.framework/Versions/A/Frameworks/ColorSync.framework/Versions/A/ColorSync
0x000000000b0a0000 	/System/Library/Frameworks/ApplicationServices.framework/Versions/A/Frameworks/HIServices.framework/Versions/A/HIServices
0x000000000b0a0000 	/System/Library/Frameworks/ApplicationServices.framework/Versions/A/Frameworks/LangAnalysis.framework/Versions/A/LangAnalysis
0x000000000b0a0000 	/System/Library/Frameworks/ApplicationServices.framework/Versions/A/Frameworks/PrintCore.framework/Versions/A/PrintCore
0x000000000b0a0000 	/System/Library/Frameworks/ApplicationServices.framework/Versions/A/Frameworks/QD.framework/Versions/A/QD
0x000000000b0a0000 	/System/Library/Frameworks/ApplicationServices.framework/Versions/A/Frameworks/SpeechSynthesis.framework/Versions/A/SpeechSynthesis
0x000000000b0a0000 	/System/Library/Frameworks/Metal.framework/Versions/A/Metal
0x000000000b0a0000 	/System/Library/Frameworks/Accelerate.framework/Versions/A/Frameworks/vImage.framework/Versions/A/vImage
0x000000000b0a0000 	/System/Library/Frameworks/Accelerate.framework/Versions/A/Frameworks/vecLib.framework/Versions/A/vecLib
0x000000000b0a0000 	/System/Library/Frameworks/Accelerate.framework/Versions/A/Frameworks/vecLib.framework/Versions/A/libvDSP.dylib
0x000000000b0a0000 	/System/Library/Frameworks/Accelerate.framework/Versions/A/Frameworks/vecLib.framework/Versions/A/libvMisc.dylib
0x000000000b0a0000 	/System/Library/Frameworks/Accelerate.framework/Versions/A/Frameworks/vecLib.framework/Versions/A/libLAPACK.dylib
0x000000000b0a0000 	/System/Library/Frameworks/Accelerate.framework/Versions/A/Frameworks/vecLib.framework/Versions/A/libBLAS.dylib
0x000000000b0a0000 	/System/Library/Frameworks/Accelerate.framework/Versions/A/Frameworks/vecLib.framework/Versions/A/libLinearAlgebra.dylib
0x000000000b0a0000 	/System/Library/Frameworks/Accelerate.framework/Versions/A/Frameworks/vecLib.framework/Versions/A/libSparseBLAS.dylib
0x000000000b0a0000 	/System/Library/PrivateFrameworks/GPUCompiler.framework/libmetal_timestamp.dylib
0x000000000b0a0000 	/System/Library/Frameworks/OpenGL.framework/Versions/A/Libraries/libCoreFSCache.dylib
0x000000000b0a0000 	/System/Library/PrivateFrameworks/IOAccelerator.framework/Versions/A/IOAccelerator
0x000000000b0a0000 	/System/Library/Frameworks/ApplicationServices.framework/Versions/A/Frameworks/ATS.framework/Versions/A/Resources/libFontParser.dylib
0x000000000b0a0000 	/System/Library/Frameworks/ApplicationServices.framework/Versions/A/Frameworks/ATS.framework/Versions/A/Resources/libFontRegistry.dylib
0x000000000b0a0000 	/System/Library/PrivateFrameworks/AppleVPA.framework/Versions/A/AppleVPA
0x000000000b0a0000 	/System/Library/PrivateFrameworks/AppleJPEG.framework/Versions/A/AppleJPEG
0x000000000b0a0000 	/System/Library/Frameworks/ImageIO.framework/Versions/A/Resources/libJPEG.dylib
0x000000000b0a0000 	/System/Library/Frameworks/ImageIO.framework/Versions/A/Resources/libTIFF.dylib
0x000000000b0a0000 	/System/Library/Frameworks/ImageIO.framework/Versions/A/Resources/libPng.dylib
0x000000000b0a0000 	/System/Library/Frameworks/ImageIO.framework/Versions/A/Resources/libGIF.dylib
0x000000000b0a0000 	/System/Library/Frameworks/ImageIO.framework/Versions/A/Resources/libJP2.dylib
0x000000000b0a0000 	/System/Library/Frameworks/ImageIO.framework/Versions/A/Resources/libRadiance.dylib
0x000000000b0a0000 	/System/Library/Frameworks/CoreVideo.framework/Versions/A/CoreVideo
0x000000000b0a0000 	/System/Library/Frameworks/OpenGL.framework/Versions/A/Libraries/libGLU.dylib
0x000000000b0a0000 	/System/Library/Frameworks/OpenGL.framework/Versions/A/Libraries/libGFXShared.dylib
0x000000000b0a0000 	/System/Library/Frameworks/OpenGL.framework/Versions/A/Libraries/libGL.dylib
0x000000000b0a0000 	/System/Library/Frameworks/OpenGL.framework/Versions/A/Libraries/libGLImage.dylib
0x000000000b0a0000 	/System/Library/Frameworks/OpenGL.framework/Versions/A/Libraries/libCVMSPluginSupport.dylib
0x000000000b0a0000 	/System/Library/Frameworks/OpenGL.framework/Versions/A/Libraries/libCoreVMClient.dylib
0x000000000b0a0000 	/usr/lib/libcups.2.dylib
0x000000000b0a0000 	/System/Library/Frameworks/Kerberos.framework/Versions/A/Kerberos
0x000000000b0a0000 	/System/Library/Frameworks/GSS.framework/Versions/A/GSS
0x000000000b0a0000 	/usr/lib/libresolv.9.dylib
0x000000000b0a0000 	/usr/lib/libiconv.2.dylib
0x000000000b0a0000 	/System/Library/PrivateFrameworks/Heimdal.framework/Versions/A/Heimdal
0x000000000b0a0000 	/usr/lib/libheimdal-asn1.dylib
0x000000000b0a0000 	/System/Library/Frameworks/OpenDirectory.framework/Versions/A/OpenDirectory
0x000000000b0a0000 	/System/Library/PrivateFrameworks/CommonAuth.framework/Versions/A/CommonAuth
0x000000000b0a0000 	/System/Library/Frameworks/OpenDirectory.framework/Versions/A/Frameworks/CFOpenDirectory.framework/Versions/A/CFOpenDirectory
0x000000000b0a0000 	/System/Library/Frameworks/SecurityFoundation.framework/Versions/A/SecurityFoundation
0x000000000b0a0000 	/System/Library/PrivateFrameworks/LanguageModeling.framework/Versions/A/LanguageModeling
0x000000000b0a0000 	/usr/lib/libmarisa.dylib
0x000000000b0a0000 	/usr/lib/libChineseTokenizer.dylib
0x000000000b0a0000 	/usr/lib/libcmph.dylib
0x000000000b0a0000 	/usr/lib/libcompression.dylib
0x000000000b0a0000 	/System/Library/Frameworks/ServiceManagement.framework/Versions/A/ServiceManagement
0x000000000b0a0000 	/usr/lib/libxslt.1.dylib
0x000000000b0a0000 	/System/Library/Frameworks/Carbon.framework/Versions/A/Frameworks/Ink.framework/Versions/A/Ink
0x000000000b0a0000 	/usr/lib/libFosl_dynamic.dylib
0x000000000b0a0000 	/System/Library/PrivateFrameworks/FaceCore.framework/Versions/A/FaceCore
0x000000000b0a0000 	/System/Library/Frameworks/OpenCL.framework/Versions/A/OpenCL
0x000000000b0a0000 	/System/Library/PrivateFrameworks/CrashReporterSupport.framework/Versions/A/CrashReporterSupport
0x000000000b0a0000 	/System/Library/PrivateFrameworks/IconServices.framework/Versions/A/IconServices
0x000000000b0a0000 	/System/Library/PrivateFrameworks/Apple80211.framework/Versions/A/Apple80211
0x000000000b0a0000 	/System/Library/Frameworks/CoreWLAN.framework/Versions/A/CoreWLAN
0x000000000b0a0000 	/System/Library/Frameworks/IOBluetooth.framework/Versions/A/IOBluetooth
0x000000000b0a0000 	/System/Library/PrivateFrameworks/CoreWiFi.framework/Versions/A/CoreWiFi
0x000000000b0a0000 	/System/Library/Frameworks/CoreBluetooth.framework/Versions/A/CoreBluetooth
0x000000000b0a0000 	/System/Library/PrivateFrameworks/ChunkingLibrary.framework/Versions/A/ChunkingLibrary
0x000000000b0a0000 	/System/Library/PrivateFrameworks/DebugSymbols.framework/Versions/A/DebugSymbols
0x000000000b0a0000 	/System/Library/PrivateFrameworks/CoreSymbolication.framework/Versions/A/CoreSymbolication
0x000000000b0a0000 	/System/Library/PrivateFrameworks/Symbolication.framework/Versions/A/Symbolication
0x000000000b0a0000 	/System/Library/PrivateFrameworks/SpeechRecognitionCore.framework/Versions/A/SpeechRecognitionCore
0x000000010ae14000 	/Library/Java/JavaVirtualMachines/jdk1.7.0_11.jdk/Contents/Home/jre/lib/server/libjvm.dylib
0x000000000b0a0000 	/usr/lib/libstdc++.6.dylib
0x000000010b8bf000 	/Library/Java/JavaVirtualMachines/jdk1.7.0_11.jdk/Contents/Home/jre/lib/libverify.dylib
0x000000010b8cc000 	/Library/Java/JavaVirtualMachines/jdk1.7.0_11.jdk/Contents/Home/jre/lib/libjava.dylib
0x000000010b8fd000 	/Library/Java/JavaVirtualMachines/jdk1.7.0_11.jdk/Contents/Home/jre/lib/libjdwp.dylib
0x000000010b93a000 	/Library/Java/JavaVirtualMachines/jdk1.7.0_11.jdk/Contents/Home/jre/lib/./libnpt.dylib
0x000000010b947000 	/Library/Java/JavaVirtualMachines/jdk1.7.0_11.jdk/Contents/Home/jre/lib/libzip.dylib
0x000000010f598000 	/System/Library/Frameworks/JavaVM.framework/Frameworks/JavaRuntimeSupport.framework/JavaRuntimeSupport
0x000000010f5b3000 	/System/Library/Frameworks/JavaVM.framework/Versions/A/Frameworks/JavaNativeFoundation.framework/Versions/A/JavaNativeFoundation
0x000000010f5c8000 	/System/Library/Frameworks/JavaVM.framework/Versions/A/JavaVM
0x000000000b0a0000 	/System/Library/Frameworks/Carbon.framework/Versions/A/Carbon
0x000000010f5d5000 	/System/Library/PrivateFrameworks/JavaLaunching.framework/Versions/A/JavaLaunching
0x000000000b0a0000 	/System/Library/Frameworks/Carbon.framework/Versions/A/Frameworks/CommonPanels.framework/Versions/A/CommonPanels
0x000000000b0a0000 	/System/Library/Frameworks/Carbon.framework/Versions/A/Frameworks/Help.framework/Versions/A/Help
0x000000000b0a0000 	/System/Library/Frameworks/Carbon.framework/Versions/A/Frameworks/ImageCapture.framework/Versions/A/ImageCapture
0x000000000b0a0000 	/System/Library/Frameworks/Carbon.framework/Versions/A/Frameworks/OpenScripting.framework/Versions/A/OpenScripting
0x000000000b0a0000 	/System/Library/Frameworks/Carbon.framework/Versions/A/Frameworks/Print.framework/Versions/A/Print
0x000000000b0a0000 	/System/Library/Frameworks/Carbon.framework/Versions/A/Frameworks/SecurityHI.framework/Versions/A/SecurityHI
0x000000010b9fa000 	/Library/Java/JavaVirtualMachines/jdk1.7.0_11.jdk/Contents/Home/jre/lib/libdt_socket.dylib

VM Arguments:
jvm_args: -agentlib:jdwp=transport=dt_socket,suspend=y,address=localhost:51071 -Dfile.encoding=MacRoman 
java_command: com.algorithm.DeltaEncoding
Launcher Type: SUN_STANDARD

Environment Variables:
PATH=/usr/bin:/bin:/usr/sbin:/sbin
SHELL=/bin/bash

Signal Handlers:
SIGSEGV: [libjvm.dylib+0x4a363d], sa_mask[0]=0xfffefeff, sa_flags=0x00000042
SIGBUS: [libjvm.dylib+0x4a363d], sa_mask[0]=0xfffefeff, sa_flags=0x00000042
SIGFPE: [libjvm.dylib+0x3b3051], sa_mask[0]=0xfffefeff, sa_flags=0x00000042
SIGPIPE: [libjvm.dylib+0x3b3051], sa_mask[0]=0xfffefeff, sa_flags=0x00000042
SIGXFSZ: [libjvm.dylib+0x3b3051], sa_mask[0]=0xfffefeff, sa_flags=0x00000042
SIGILL: [libjvm.dylib+0x3b3051], sa_mask[0]=0xfffefeff, sa_flags=0x00000042
SIGUSR1: SIG_DFL, sa_mask[0]=0x00000000, sa_flags=0x00000000
SIGUSR2: [libjvm.dylib+0x3b2bea], sa_mask[0]=0x00000004, sa_flags=0x00000042
SIGHUP: [libjvm.dylib+0x3b0e4b], sa_mask[0]=0xfffefeff, sa_flags=0x00000042
SIGINT: [libjvm.dylib+0x3b0e4b], sa_mask[0]=0xfffefeff, sa_flags=0x00000042
SIGTERM: [libjvm.dylib+0x3b0e4b], sa_mask[0]=0xfffefeff, sa_flags=0x00000042
SIGQUIT: [libjvm.dylib+0x3b0e4b], sa_mask[0]=0xfffefeff, sa_flags=0x00000042


---------------  S Y S T E M  ---------------

OS:Bsduname:Darwin 15.3.0 Darwin Kernel Version 15.3.0: Thu Dec 10 18:40:58 PST 2015; root:xnu-3248.30.4~1/RELEASE_X86_64 x86_64
rlimit: STACK 8192k, CORE 0k, NPROC 709, NOFILE 10240, AS infinity
load average:1.94 1.96 1.93

CPU:total 4 (2 cores per cpu, 2 threads per core) family 6 model 42 stepping 7, cmov, cx8, fxsr, mmx, sse, sse2, sse3, ssse3, sse4.1, sse4.2, popcnt, avx, ht, tsc, tscinvbit

Memory: 4k page, physical 814604k(203651k free)

/proc/meminfo:


vm_info: Java HotSpot(TM) 64-Bit Server VM (23.6-b04) for bsd-amd64 JRE (1.7.0_11-b21), built on Jan 13 2013 01:04:28 by "java_re" with gcc 4.2.1 (Based on Apple Inc. build 5658) (LLVM build 2336.11.00)

time: Thu Apr 20 23:06:59 2017
elapsed time: 847 seconds

