#
# A fatal error has been detected by the Java Runtime Environment:
#
#  SIGSEGV (0xb) at pc=0x000000010631bd3c, pid=7369, tid=13583
#
# JRE version: 7.0_11-b21
# Java VM: Java HotSpot(TM) 64-Bit Server VM (23.6-b04 mixed mode bsd-amd64 compressed oops)
# Problematic frame:
# V  [libjvm.dylib+0x2cbd3c]
#
# Failed to write core dump. Core dumps have been disabled. To enable core dumping, try "ulimit -c unlimited" before starting Java again
#
# If you would like to submit a bug report, please visit:
#   http://bugreport.sun.com/bugreport/crash.jsp
#

---------------  T H R E A D  ---------------

Current thread (0x00007f8e73004800):  JavaThread "JDWP Transport Listener: dt_socket" daemon [_thread_in_vm, id=13583, stack(0x00007000006ac000,0x00007000007ac000)]

siginfo:si_signo=SIGSEGV: si_errno=0, si_code=0 (SEGV0), si_addr=0x0000000000000000

Registers:
RAX=0x0000000000000001, RBX=0x00007000007abacb, RCX=0x00000000000fc080, RDX=0x00007000007abacb
RSP=0x00007000007aba30, RBP=0x00007000007aba80, RSI=0x00007f8e73004800, RDI=0x00007f8e72414e10
R8 =0x0000000000000001, R9 =0x0000000000000000, R10=0x0000000000000002, R11=0x00007f8e72700000
R12=0x00007f8e73004800, R13=0x0002000000000000, R14=0x0002000000000000, R15=0x00007f8e72414e10
RIP=0x000000010631bd3c, EFLAGS=0x0000000000010206, ERR=0x0000000000000000
  TRAPNO=0x000000000000000d

Top of Stack: (sp=0x00007000007aba30)
0x00007000007aba30:   00007f8e73004800 0000000000000000
0x00007000007aba40:   0000000000000000 0000000000000000
0x00007000007aba50:   00007f8e73004800 00007f8e73004800
0x00007000007aba60:   00007000007abacb 00007000007abad0
0x00007000007aba70:   0002000000000000 0000000000000003
0x00007000007aba80:   00007000007abaa0 0000000106b59280
0x00007000007aba90:   0000000000000001 00007000007abb48
0x00007000007abaa0:   00007000007abb10 0000000106b3e15b
0x00007000007abab0:   00007000007abae0 00007f8e72711740
0x00007000007abac0:   0000000400000032 00000009007abb48
0x00007000007abad0:   0000000000000000 0000000000000000
0x00007000007abae0:   0000000000000000 00007000007abcd0
0x00007000007abaf0:   0000000106b60da4 00007f8e7260eb00
0x00007000007abb00:   00007000007abb48 0000000106b6c568
0x00007000007abb10:   00007000007abb20 0000000106b3e254
0x00007000007abb20:   00007000007abd40 0000000106b4775e
0x00007000007abb30:   000004de00000013 00000000000f0200
0x00007000007abb40:   00007f8e72618fa0 00007000007abc6d
0x00007000007abb50:   00007f8e00000057 00007000007abb60
0x00007000007abb60:   00007f8e000000d5 00007000007abb98
0x00007000007abb70:   0000000000000000 0000000000000000
0x00007000007abb80:   000004de0000001c 00007fff00001380
0x00007000007abb90:   00007000007abb98 8e7f000004000000
0x00007000007abba0:   07000000a0ee7472 0061746144746567
0x00007000007abbb0:   76616a4c28250000 532f6c6974752f61
0x00007000007abbc0:   293b72656e6e6163 74752f6176616a4c
0x00007000007abbd0:   3b7473694c2f6c69 616a4c283a000000
0x00007000007abbe0:   2f6c6974752f6176 3b72656e6e616353
0x00007000007abbf0:   752f6176616a4c29 7473694c2f6c6974
0x00007000007abc00:   6c2f6176616a4c3c 65746e492f676e61
0x00007000007abc10:   00003b3e3b726567 43728e7f00000a00
0x00007000007abc20:   693c0600000080ab 030000003e74696e 

Instructions: (pc=0x000000010631bd3c)
0x000000010631bd1c:   00 00 00 41 f6 87 68 01 00 00 10 75 07 b8 63 00
0x000000010631bd2c:   00 00 eb 7a 4d 85 f6 75 07 b8 17 00 00 00 eb 6e
0x000000010631bd3c:   4d 8b 36 48 b8 fe fe fe fe fe fe fe fe 49 39 c6
0x000000010631bd4c:   74 e7 4d 85 f6 74 e2 48 8d 05 16 1c 46 00 80 38 

Register to memory mapping:

RAX=0x0000000000000001 is an unknown value
RBX=0x00007000007abacb is pointing into the stack for thread: 0x00007f8e73004800
RCX=0x00000000000fc080 is an unknown value
RDX=0x00007000007abacb is pointing into the stack for thread: 0x00007f8e73004800
RSP=0x00007000007aba30 is pointing into the stack for thread: 0x00007f8e73004800
RBP=0x00007000007aba80 is pointing into the stack for thread: 0x00007f8e73004800
RSI=0x00007f8e73004800 is a thread
RDI=0x00007f8e72414e10 is an unknown value
R8 =0x0000000000000001 is an unknown value
R9 =0x0000000000000000 is an unknown value
R10=0x0000000000000002 is an unknown value
R11=0x00007f8e72700000 is an unknown value
R12=0x00007f8e73004800 is a thread
R13=0x0002000000000000 is an unknown value
R14=0x0002000000000000 is an unknown value
R15=0x00007f8e72414e10 is an unknown value


Stack: [0x00007000006ac000,0x00007000007ac000],  sp=0x00007000007aba30,  free space=1022k
Native frames: (J=compiled Java code, j=interpreted, Vv=VM code, C=native code)
V  [libjvm.dylib+0x2cbd3c]
C  [libjdwp.dylib+0x20280]  isMethodSynthetic+0x63
C  [libjdwp.dylib+0x515b]  methods1+0x10b
C  [libjdwp.dylib+0x5254]  methodsWithGeneric+0xe
C  [libjdwp.dylib+0xe75e]  debugLoop_run+0x1ce
C  [libjdwp.dylib+0x1f1ba]  attachThread+0x4d
V  [libjvm.dylib+0x30b6a6]
V  [libjvm.dylib+0x4782b4]
V  [libjvm.dylib+0x47979a]
V  [libjvm.dylib+0x3b51b5]
C  [libsystem_pthread.dylib+0x3c13]  _pthread_body+0x83
C  [libsystem_pthread.dylib+0x3b90]  _pthread_body+0x0
C  [libsystem_pthread.dylib+0x1375]  thread_start+0xd


---------------  P R O C E S S  ---------------

Java Threads: ( => current thread )
  0x00007f8e74035000 JavaThread "Service Thread" daemon [_thread_blocked, id=14851, stack(0x0000700000bbb000,0x0000700000cbb000)]
  0x00007f8e74036000 JavaThread "C2 CompilerThread1" daemon [_thread_blocked, id=14595, stack(0x0000700000ab8000,0x0000700000bb8000)]
  0x00007f8e73805800 JavaThread "C2 CompilerThread0" daemon [_thread_blocked, id=14339, stack(0x00007000009b5000,0x0000700000ab5000)]
  0x00007f8e7285f800 JavaThread "JDWP Command Reader" daemon [_thread_in_native, id=14083, stack(0x00007000008b2000,0x00007000009b2000)]
  0x00007f8e74023800 JavaThread "JDWP Event Helper Thread" daemon [_thread_blocked, id=13827, stack(0x00007000007af000,0x00007000008af000)]
=>0x00007f8e73004800 JavaThread "JDWP Transport Listener: dt_socket" daemon [_thread_in_vm, id=13583, stack(0x00007000006ac000,0x00007000007ac000)]
  0x00007f8e73000800 JavaThread "Signal Dispatcher" daemon [_thread_blocked, id=9743, stack(0x00007000005a9000,0x00007000006a9000)]
  0x00007f8e73002800 JavaThread "Finalizer" daemon [_thread_blocked, id=9475, stack(0x0000700000423000,0x0000700000523000)]
  0x00007f8e73001800 JavaThread "Reference Handler" daemon [_thread_blocked, id=9219, stack(0x0000700000320000,0x0000700000420000)]
  0x00007f8e7280c800 JavaThread "main" [_thread_in_native, id=5379, stack(0x000070000011a000,0x000070000021a000)]

Other Threads:
  0x00007f8e7400e800 VMThread [stack: 0x000070000021d000,0x000070000031d000] [id=8963]
  0x00007f8e74018000 WatcherThread [stack: 0x0000700000cbe000,0x0000700000dbe000] [id=15107]

VM state:not at safepoint (normal execution)

VM Mutex/Monitor currently owned by a thread: None

Heap
 def new generation   total 3840K, used 1134K [0x00000007ee600000, 0x00000007eea20000, 0x00000007f28a0000)
  eden space 3456K,  32% used [0x00000007ee600000, 0x00000007ee71bab8, 0x00000007ee960000)
  from space 384K,   0% used [0x00000007ee960000, 0x00000007ee960000, 0x00000007ee9c0000)
  to   space 384K,   0% used [0x00000007ee9c0000, 0x00000007ee9c0000, 0x00000007eea20000)
 tenured generation   total 8512K, used 0K [0x00000007f28a0000, 0x00000007f30f0000, 0x00000007fae00000)
   the space 8512K,   0% used [0x00000007f28a0000, 0x00000007f28a0000, 0x00000007f28a0200, 0x00000007f30f0000)
 compacting perm gen  total 21248K, used 3422K [0x00000007fae00000, 0x00000007fc2c0000, 0x0000000800000000)
   the space 21248K,  16% used [0x00000007fae00000, 0x00000007fb157bc0, 0x00000007fb157c00, 0x00000007fc2c0000)
No shared spaces configured.

Card table byte_map: [0x000000010a4c0000,0x000000010a54e000] byte_map_base: 0x000000010654d000

Polling page: 0x0000000106b38000

Code Cache  [0x0000000107400000, 0x0000000107670000, 0x000000010a400000)
 total_blobs=186 nmethods=3 adapters=144 free_code_cache=48764Kb largest_free_block=49919616

Compilation events (6 events):
Event: 0.612 Thread 0x00007f8e73805800    1             java.lang.String::hashCode (55 bytes)
Event: 0.643 Thread 0x00007f8e73805800 nmethod 1 0x000000010745f9d0 code [0x000000010745fb20, 0x000000010745fcd8]
Event: 0.646 Thread 0x00007f8e74036000    2             java.lang.String::charAt (29 bytes)
Event: 0.647 Thread 0x00007f8e74036000 nmethod 2 0x000000010745f450 code [0x000000010745f5a0, 0x000000010745f698]
Event: 0.693 Thread 0x00007f8e73805800    3             sun.misc.ASCIICaseInsensitiveComparator::compare (126 bytes)
Event: 0.701 Thread 0x00007f8e73805800 nmethod 3 0x00000001074625d0 code [0x0000000107462740, 0x0000000107462b78]

GC Heap History (0 events):
No events

Deoptimization events (0 events):
No events

Internal exceptions (10 events):
Event: 0.623 Thread 0x00007f8e7280c800 Threw 0x00000007ee6b6c40 at /HUDSON/workspace/jdk7u11-2-build-macosx-amd64-product/jdk7u11/hotspot/src/share/vm/prims/jvm.cpp:1166
Event: 0.623 Thread 0x00007f8e7280c800 Threw 0x00000007ee6b6d68 at /HUDSON/workspace/jdk7u11-2-build-macosx-amd64-product/jdk7u11/hotspot/src/share/vm/prims/jvm.cpp:1166
Event: 0.626 Thread 0x00007f8e7280c800 Threw 0x00000007ee6c82e8 at /HUDSON/workspace/jdk7u11-2-build-macosx-amd64-product/jdk7u11/hotspot/src/share/vm/prims/jni.cpp:716
Event: 0.626 Thread 0x00007f8e7280c800 Threw 0x00000007ee6c8408 at /HUDSON/workspace/jdk7u11-2-build-macosx-amd64-product/jdk7u11/hotspot/src/share/vm/prims/jvm.cpp:1166
Event: 0.626 Thread 0x00007f8e7280c800 Threw 0x00000007ee6c8530 at /HUDSON/workspace/jdk7u11-2-build-macosx-amd64-product/jdk7u11/hotspot/src/share/vm/prims/jvm.cpp:1166
Event: 0.626 Thread 0x00007f8e7280c800 Threw 0x00000007ee6c8780 at /HUDSON/workspace/jdk7u11-2-build-macosx-amd64-product/jdk7u11/hotspot/src/share/vm/prims/jvm.cpp:1166
Event: 0.702 Thread 0x00007f8e7280c800 Threw 0x00000007ee6eced0 at /HUDSON/workspace/jdk7u11-2-build-macosx-amd64-product/jdk7u11/hotspot/src/share/vm/prims/jvm.cpp:1166
Event: 0.702 Thread 0x00007f8e7280c800 Threw 0x00000007ee6ecff8 at /HUDSON/workspace/jdk7u11-2-build-macosx-amd64-product/jdk7u11/hotspot/src/share/vm/prims/jvm.cpp:1166
Event: 0.703 Thread 0x00007f8e7280c800 Threw 0x00000007ee6f7f18 at /HUDSON/workspace/jdk7u11-2-build-macosx-amd64-product/jdk7u11/hotspot/src/share/vm/prims/jvm.cpp:1166
Event: 0.703 Thread 0x00007f8e7280c800 Threw 0x00000007ee6f8040 at /HUDSON/workspace/jdk7u11-2-build-macosx-amd64-product/jdk7u11/hotspot/src/share/vm/prims/jvm.cpp:1166

Events (10 events):
Event: 702.657 Executing VM operation: ChangeBreakpoints
Event: 702.657 Executing VM operation: ChangeBreakpoints done
Event: 702.657 Executing VM operation: ChangeBreakpoints
Event: 702.658 Executing VM operation: ChangeBreakpoints done
Event: 854.957 Executing VM operation: ChangeBreakpoints
Event: 854.957 Executing VM operation: ChangeBreakpoints done
Event: 854.957 Executing VM operation: ChangeBreakpoints
Event: 854.957 Executing VM operation: ChangeBreakpoints done
Event: 854.964 Executing VM operation: RedefineClasses
Event: 854.964 Executing VM operation: RedefineClasses done


Dynamic libraries:
0x000000000b0a0000 	/System/Library/Frameworks/Cocoa.framework/Versions/A/Cocoa
0x000000000b0a0000 	/System/Library/Frameworks/Security.framework/Versions/A/Security
0x000000000b0a0000 	/System/Library/Frameworks/ApplicationServices.framework/Versions/A/ApplicationServices
0x000000000b0a0000 	/usr/lib/libz.1.dylib
0x000000000b0a0000 	/usr/lib/libSystem.B.dylib
0x000000000b0a0000 	/usr/lib/libobjc.A.dylib
0x000000000b0a0000 	/System/Library/Frameworks/CoreFoundation.framework/Versions/A/CoreFoundation
0x000000000b0a0000 	/System/Library/Frameworks/AppKit.framework/Versions/C/AppKit
0x000000000b0a0000 	/System/Library/Frameworks/CoreData.framework/Versions/A/CoreData
0x000000000b0a0000 	/System/Library/Frameworks/Foundation.framework/Versions/C/Foundation
0x000000000b0a0000 	/System/Library/PrivateFrameworks/RemoteViewServices.framework/Versions/A/RemoteViewServices
0x000000000b0a0000 	/System/Library/PrivateFrameworks/UIFoundation.framework/Versions/A/UIFoundation
0x000000000b0a0000 	/usr/lib/libScreenReader.dylib
0x000000000b0a0000 	/System/Library/Frameworks/Accelerate.framework/Versions/A/Accelerate
0x000000000b0a0000 	/System/Library/Frameworks/IOSurface.framework/Versions/A/IOSurface
0x000000000b0a0000 	/System/Library/Frameworks/AudioToolbox.framework/Versions/A/AudioToolbox
0x000000000b0a0000 	/System/Library/Frameworks/AudioUnit.framework/Versions/A/AudioUnit
0x000000000b0a0000 	/System/Library/PrivateFrameworks/DataDetectorsCore.framework/Versions/A/DataDetectorsCore
0x000000000b0a0000 	/System/Library/PrivateFrameworks/DesktopServicesPriv.framework/Versions/A/DesktopServicesPriv
0x000000000b0a0000 	/System/Library/Frameworks/Carbon.framework/Versions/A/Frameworks/HIToolbox.framework/Versions/A/HIToolbox
0x000000000b0a0000 	/System/Library/Frameworks/QuartzCore.framework/Versions/A/QuartzCore
0x000000000b0a0000 	/System/Library/Frameworks/Carbon.framework/Versions/A/Frameworks/SpeechRecognition.framework/Versions/A/SpeechRecognition
0x000000000b0a0000 	/usr/lib/libauto.dylib
0x000000000b0a0000 	/usr/lib/libicucore.A.dylib
0x000000000b0a0000 	/usr/lib/libxml2.2.dylib
0x000000000b0a0000 	/System/Library/PrivateFrameworks/CoreUI.framework/Versions/A/CoreUI
0x000000000b0a0000 	/System/Library/Frameworks/CoreAudio.framework/Versions/A/CoreAudio
0x000000000b0a0000 	/System/Library/Frameworks/DiskArbitration.framework/Versions/A/DiskArbitration
0x000000000b0a0000 	/usr/lib/liblangid.dylib
0x000000000b0a0000 	/System/Library/PrivateFrameworks/MultitouchSupport.framework/Versions/A/MultitouchSupport
0x000000000b0a0000 	/System/Library/Frameworks/IOKit.framework/Versions/A/IOKit
0x000000000b0a0000 	/usr/lib/libDiagnosticMessagesClient.dylib
0x000000000b0a0000 	/System/Library/Frameworks/CoreServices.framework/Versions/A/CoreServices
0x000000000b0a0000 	/System/Library/PrivateFrameworks/PerformanceAnalysis.framework/Versions/A/PerformanceAnalysis
0x000000000b0a0000 	/System/Library/PrivateFrameworks/GenerationalStorage.framework/Versions/A/GenerationalStorage
0x000000000b0a0000 	/System/Library/Frameworks/OpenGL.framework/Versions/A/OpenGL
0x000000000b0a0000 	/System/Library/PrivateFrameworks/Sharing.framework/Versions/A/Sharing
0x000000000b0a0000 	/System/Library/Frameworks/CoreGraphics.framework/Versions/A/CoreGraphics
0x000000000b0a0000 	/System/Library/Frameworks/CoreImage.framework/Versions/A/CoreImage
0x000000000b0a0000 	/System/Library/Frameworks/CoreText.framework/Versions/A/CoreText
0x000000000b0a0000 	/System/Library/Frameworks/ImageIO.framework/Versions/A/ImageIO
0x000000000b0a0000 	/System/Library/PrivateFrameworks/Backup.framework/Versions/A/Backup
0x000000000b0a0000 	/usr/lib/libextension.dylib
0x000000000b0a0000 	/usr/lib/libarchive.2.dylib
0x000000000b0a0000 	/System/Library/Frameworks/CFNetwork.framework/Versions/A/CFNetwork
0x000000000b0a0000 	/System/Library/Frameworks/SystemConfiguration.framework/Versions/A/SystemConfiguration
0x000000000b0a0000 	/usr/lib/libCRFSuite.dylib
0x000000000b0a0000 	/usr/lib/libc++.1.dylib
0x000000000b0a0000 	/usr/lib/libc++abi.dylib
0x000000000b0a0000 	/usr/lib/system/libcache.dylib
0x000000000b0a0000 	/usr/lib/system/libcommonCrypto.dylib
0x000000000b0a0000 	/usr/lib/system/libcompiler_rt.dylib
0x000000000b0a0000 	/usr/lib/system/libcopyfile.dylib
0x000000000b0a0000 	/usr/lib/system/libcorecrypto.dylib
0x000000000b0a0000 	/usr/lib/system/libdispatch.dylib
0x000000000b0a0000 	/usr/lib/system/libdyld.dylib
0x000000000b0a0000 	/usr/lib/system/libkeymgr.dylib
0x000000000b0a0000 	/usr/lib/system/liblaunch.dylib
0x000000000b0a0000 	/usr/lib/system/libmacho.dylib
0x000000000b0a0000 	/usr/lib/system/libquarantine.dylib
0x000000000b0a0000 	/usr/lib/system/libremovefile.dylib
0x000000000b0a0000 	/usr/lib/system/libsystem_asl.dylib
0x000000000b0a0000 	/usr/lib/system/libsystem_blocks.dylib
0x000000000b0a0000 	/usr/lib/system/libsystem_c.dylib
0x000000000b0a0000 	/usr/lib/system/libsystem_configuration.dylib
0x000000000b0a0000 	/usr/lib/system/libsystem_coreservices.dylib
0x000000000b0a0000 	/usr/lib/system/libsystem_coretls.dylib
0x000000000b0a0000 	/usr/lib/system/libsystem_dnssd.dylib
0x000000000b0a0000 	/usr/lib/system/libsystem_info.dylib
0x000000000b0a0000 	/usr/lib/system/libsystem_kernel.dylib
0x000000000b0a0000 	/usr/lib/system/libsystem_m.dylib
0x000000000b0a0000 	/usr/lib/system/libsystem_malloc.dylib
0x000000000b0a0000 	/usr/lib/system/libsystem_network.dylib
0x000000000b0a0000 	/usr/lib/system/libsystem_networkextension.dylib
0x000000000b0a0000 	/usr/lib/system/libsystem_notify.dylib
0x000000000b0a0000 	/usr/lib/system/libsystem_platform.dylib
0x000000000b0a0000 	/usr/lib/system/libsystem_pthread.dylib
0x000000000b0a0000 	/usr/lib/system/libsystem_sandbox.dylib
0x000000000b0a0000 	/usr/lib/system/libsystem_secinit.dylib
0x000000000b0a0000 	/usr/lib/system/libsystem_trace.dylib
0x000000000b0a0000 	/usr/lib/system/libunc.dylib
0x000000000b0a0000 	/usr/lib/system/libunwind.dylib
0x000000000b0a0000 	/usr/lib/system/libxpc.dylib
0x000000000b0a0000 	/usr/lib/libenergytrace.dylib
0x000000000b0a0000 	/usr/lib/libbsm.0.dylib
0x000000000b0a0000 	/usr/lib/system/libkxld.dylib
0x000000000b0a0000 	/usr/lib/libxar.1.dylib
0x000000000b0a0000 	/usr/lib/libsqlite3.dylib
0x000000000b0a0000 	/usr/lib/libpam.2.dylib
0x000000000b0a0000 	/usr/lib/libOpenScriptingUtil.dylib
0x000000000b0a0000 	/usr/lib/libbz2.1.0.dylib
0x000000000b0a0000 	/usr/lib/liblzma.5.dylib
0x000000000b0a0000 	/System/Library/Frameworks/CoreServices.framework/Versions/A/Frameworks/FSEvents.framework/Versions/A/FSEvents
0x000000000b0a0000 	/System/Library/Frameworks/CoreServices.framework/Versions/A/Frameworks/CarbonCore.framework/Versions/A/CarbonCore
0x000000000b0a0000 	/System/Library/Frameworks/CoreServices.framework/Versions/A/Frameworks/Metadata.framework/Versions/A/Metadata
0x000000000b0a0000 	/System/Library/Frameworks/CoreServices.framework/Versions/A/Frameworks/OSServices.framework/Versions/A/OSServices
0x000000000b0a0000 	/System/Library/Frameworks/CoreServices.framework/Versions/A/Frameworks/SearchKit.framework/Versions/A/SearchKit
0x000000000b0a0000 	/System/Library/Frameworks/CoreServices.framework/Versions/A/Frameworks/AE.framework/Versions/A/AE
0x000000000b0a0000 	/System/Library/Frameworks/CoreServices.framework/Versions/A/Frameworks/LaunchServices.framework/Versions/A/LaunchServices
0x000000000b0a0000 	/System/Library/Frameworks/CoreServices.framework/Versions/A/Frameworks/DictionaryServices.framework/Versions/A/DictionaryServices
0x000000000b0a0000 	/System/Library/Frameworks/CoreServices.framework/Versions/A/Frameworks/SharedFileList.framework/Versions/A/SharedFileList
0x000000000b0a0000 	/System/Library/Frameworks/NetFS.framework/Versions/A/NetFS
0x000000000b0a0000 	/System/Library/PrivateFrameworks/NetAuth.framework/Versions/A/NetAuth
0x000000000b0a0000 	/System/Library/PrivateFrameworks/login.framework/Versions/A/Frameworks/loginsupport.framework/Versions/A/loginsupport
0x000000000b0a0000 	/System/Library/PrivateFrameworks/TCC.framework/Versions/A/TCC
0x000000000b0a0000 	/usr/lib/libmecabra.dylib
0x000000000b0a0000 	/System/Library/Frameworks/ApplicationServices.framework/Versions/A/Frameworks/ATS.framework/Versions/A/ATS
0x000000000b0a0000 	/System/Library/Frameworks/ApplicationServices.framework/Versions/A/Frameworks/ColorSync.framework/Versions/A/ColorSync
0x000000000b0a0000 	/System/Library/Frameworks/ApplicationServices.framework/Versions/A/Frameworks/HIServices.framework/Versions/A/HIServices
0x000000000b0a0000 	/System/Library/Frameworks/ApplicationServices.framework/Versions/A/Frameworks/LangAnalysis.framework/Versions/A/LangAnalysis
0x000000000b0a0000 	/System/Library/Frameworks/ApplicationServices.framework/Versions/A/Frameworks/PrintCore.framework/Versions/A/PrintCore
0x000000000b0a0000 	/System/Library/Frameworks/ApplicationServices.framework/Versions/A/Frameworks/QD.framework/Versions/A/QD
0x000000000b0a0000 	/System/Library/Frameworks/ApplicationServices.framework/Versions/A/Frameworks/SpeechSynthesis.framework/Versions/A/SpeechSynthesis
0x000000000b0a0000 	/System/Library/Frameworks/Metal.framework/Versions/A/Metal
0x000000000b0a0000 	/System/Library/Frameworks/Accelerate.framework/Versions/A/Frameworks/vImage.framework/Versions/A/vImage
0x000000000b0a0000 	/System/Library/Frameworks/Accelerate.framework/Versions/A/Frameworks/vecLib.framework/Versions/A/vecLib
0x000000000b0a0000 	/System/Library/Frameworks/Accelerate.framework/Versions/A/Frameworks/vecLib.framework/Versions/A/libvDSP.dylib
0x000000000b0a0000 	/System/Library/Frameworks/Accelerate.framework/Versions/A/Frameworks/vecLib.framework/Versions/A/libvMisc.dylib
0x000000000b0a0000 	/System/Library/Frameworks/Accelerate.framework/Versions/A/Frameworks/vecLib.framework/Versions/A/libLAPACK.dylib
0x000000000b0a0000 	/System/Library/Frameworks/Accelerate.framework/Versions/A/Frameworks/vecLib.framework/Versions/A/libBLAS.dylib
0x000000000b0a0000 	/System/Library/Frameworks/Accelerate.framework/Versions/A/Frameworks/vecLib.framework/Versions/A/libLinearAlgebra.dylib
0x000000000b0a0000 	/System/Library/Frameworks/Accelerate.framework/Versions/A/Frameworks/vecLib.framework/Versions/A/libSparseBLAS.dylib
0x000000000b0a0000 	/System/Library/PrivateFrameworks/GPUCompiler.framework/libmetal_timestamp.dylib
0x000000000b0a0000 	/System/Library/Frameworks/OpenGL.framework/Versions/A/Libraries/libCoreFSCache.dylib
0x000000000b0a0000 	/System/Library/PrivateFrameworks/IOAccelerator.framework/Versions/A/IOAccelerator
0x000000000b0a0000 	/System/Library/Frameworks/ApplicationServices.framework/Versions/A/Frameworks/ATS.framework/Versions/A/Resources/libFontParser.dylib
0x000000000b0a0000 	/System/Library/Frameworks/ApplicationServices.framework/Versions/A/Frameworks/ATS.framework/Versions/A/Resources/libFontRegistry.dylib
0x000000000b0a0000 	/System/Library/PrivateFrameworks/AppleVPA.framework/Versions/A/AppleVPA
0x000000000b0a0000 	/System/Library/PrivateFrameworks/AppleJPEG.framework/Versions/A/AppleJPEG
0x000000000b0a0000 	/System/Library/Frameworks/ImageIO.framework/Versions/A/Resources/libJPEG.dylib
0x000000000b0a0000 	/System/Library/Frameworks/ImageIO.framework/Versions/A/Resources/libTIFF.dylib
0x000000000b0a0000 	/System/Library/Frameworks/ImageIO.framework/Versions/A/Resources/libPng.dylib
0x000000000b0a0000 	/System/Library/Frameworks/ImageIO.framework/Versions/A/Resources/libGIF.dylib
0x000000000b0a0000 	/System/Library/Frameworks/ImageIO.framework/Versions/A/Resources/libJP2.dylib
0x000000000b0a0000 	/System/Library/Frameworks/ImageIO.framework/Versions/A/Resources/libRadiance.dylib
0x000000000b0a0000 	/System/Library/Frameworks/CoreVideo.framework/Versions/A/CoreVideo
0x000000000b0a0000 	/System/Library/Frameworks/OpenGL.framework/Versions/A/Libraries/libGLU.dylib
0x000000000b0a0000 	/System/Library/Frameworks/OpenGL.framework/Versions/A/Libraries/libGFXShared.dylib
0x000000000b0a0000 	/System/Library/Frameworks/OpenGL.framework/Versions/A/Libraries/libGL.dylib
0x000000000b0a0000 	/System/Library/Frameworks/OpenGL.framework/Versions/A/Libraries/libGLImage.dylib
0x000000000b0a0000 	/System/Library/Frameworks/OpenGL.framework/Versions/A/Libraries/libCVMSPluginSupport.dylib
0x000000000b0a0000 	/System/Library/Frameworks/OpenGL.framework/Versions/A/Libraries/libCoreVMClient.dylib
0x000000000b0a0000 	/usr/lib/libcups.2.dylib
0x000000000b0a0000 	/System/Library/Frameworks/Kerberos.framework/Versions/A/Kerberos
0x000000000b0a0000 	/System/Library/Frameworks/GSS.framework/Versions/A/GSS
0x000000000b0a0000 	/usr/lib/libresolv.9.dylib
0x000000000b0a0000 	/usr/lib/libiconv.2.dylib
0x000000000b0a0000 	/System/Library/PrivateFrameworks/Heimdal.framework/Versions/A/Heimdal
0x000000000b0a0000 	/usr/lib/libheimdal-asn1.dylib
0x000000000b0a0000 	/System/Library/Frameworks/OpenDirectory.framework/Versions/A/OpenDirectory
0x000000000b0a0000 	/System/Library/PrivateFrameworks/CommonAuth.framework/Versions/A/CommonAuth
0x000000000b0a0000 	/System/Library/Frameworks/OpenDirectory.framework/Versions/A/Frameworks/CFOpenDirectory.framework/Versions/A/CFOpenDirectory
0x000000000b0a0000 	/System/Library/Frameworks/SecurityFoundation.framework/Versions/A/SecurityFoundation
0x000000000b0a0000 	/System/Library/PrivateFrameworks/LanguageModeling.framework/Versions/A/LanguageModeling
0x000000000b0a0000 	/usr/lib/libmarisa.dylib
0x000000000b0a0000 	/usr/lib/libChineseTokenizer.dylib
0x000000000b0a0000 	/usr/lib/libcmph.dylib
0x000000000b0a0000 	/usr/lib/libcompression.dylib
0x000000000b0a0000 	/System/Library/Frameworks/ServiceManagement.framework/Versions/A/ServiceManagement
0x000000000b0a0000 	/usr/lib/libxslt.1.dylib
0x000000000b0a0000 	/System/Library/Frameworks/Carbon.framework/Versions/A/Frameworks/Ink.framework/Versions/A/Ink
0x000000000b0a0000 	/usr/lib/libFosl_dynamic.dylib
0x000000000b0a0000 	/System/Library/PrivateFrameworks/FaceCore.framework/Versions/A/FaceCore
0x000000000b0a0000 	/System/Library/Frameworks/OpenCL.framework/Versions/A/OpenCL
0x000000000b0a0000 	/System/Library/PrivateFrameworks/CrashReporterSupport.framework/Versions/A/CrashReporterSupport
0x000000000b0a0000 	/System/Library/PrivateFrameworks/IconServices.framework/Versions/A/IconServices
0x000000000b0a0000 	/System/Library/PrivateFrameworks/Apple80211.framework/Versions/A/Apple80211
0x000000000b0a0000 	/System/Library/Frameworks/CoreWLAN.framework/Versions/A/CoreWLAN
0x000000000b0a0000 	/System/Library/Frameworks/IOBluetooth.framework/Versions/A/IOBluetooth
0x000000000b0a0000 	/System/Library/PrivateFrameworks/CoreWiFi.framework/Versions/A/CoreWiFi
0x000000000b0a0000 	/System/Library/Frameworks/CoreBluetooth.framework/Versions/A/CoreBluetooth
0x000000000b0a0000 	/System/Library/PrivateFrameworks/ChunkingLibrary.framework/Versions/A/ChunkingLibrary
0x000000000b0a0000 	/System/Library/PrivateFrameworks/DebugSymbols.framework/Versions/A/DebugSymbols
0x000000000b0a0000 	/System/Library/PrivateFrameworks/CoreSymbolication.framework/Versions/A/CoreSymbolication
0x000000000b0a0000 	/System/Library/PrivateFrameworks/Symbolication.framework/Versions/A/Symbolication
0x000000000b0a0000 	/System/Library/PrivateFrameworks/SpeechRecognitionCore.framework/Versions/A/SpeechRecognitionCore
0x0000000106050000 	/Library/Java/JavaVirtualMachines/jdk1.7.0_11.jdk/Contents/Home/jre/lib/server/libjvm.dylib
0x000000000b0a0000 	/usr/lib/libstdc++.6.dylib
0x0000000106afb000 	/Library/Java/JavaVirtualMachines/jdk1.7.0_11.jdk/Contents/Home/jre/lib/libverify.dylib
0x0000000106b08000 	/Library/Java/JavaVirtualMachines/jdk1.7.0_11.jdk/Contents/Home/jre/lib/libjava.dylib
0x0000000106b39000 	/Library/Java/JavaVirtualMachines/jdk1.7.0_11.jdk/Contents/Home/jre/lib/libjdwp.dylib
0x0000000106b76000 	/Library/Java/JavaVirtualMachines/jdk1.7.0_11.jdk/Contents/Home/jre/lib/./libnpt.dylib
0x0000000106b83000 	/Library/Java/JavaVirtualMachines/jdk1.7.0_11.jdk/Contents/Home/jre/lib/libzip.dylib
0x000000010a7d0000 	/System/Library/Frameworks/JavaVM.framework/Frameworks/JavaRuntimeSupport.framework/JavaRuntimeSupport
0x000000010a7eb000 	/System/Library/Frameworks/JavaVM.framework/Versions/A/Frameworks/JavaNativeFoundation.framework/Versions/A/JavaNativeFoundation
0x000000010a800000 	/System/Library/Frameworks/JavaVM.framework/Versions/A/JavaVM
0x000000000b0a0000 	/System/Library/Frameworks/Carbon.framework/Versions/A/Carbon
0x000000010a80d000 	/System/Library/PrivateFrameworks/JavaLaunching.framework/Versions/A/JavaLaunching
0x000000000b0a0000 	/System/Library/Frameworks/Carbon.framework/Versions/A/Frameworks/CommonPanels.framework/Versions/A/CommonPanels
0x000000000b0a0000 	/System/Library/Frameworks/Carbon.framework/Versions/A/Frameworks/Help.framework/Versions/A/Help
0x000000000b0a0000 	/System/Library/Frameworks/Carbon.framework/Versions/A/Frameworks/ImageCapture.framework/Versions/A/ImageCapture
0x000000000b0a0000 	/System/Library/Frameworks/Carbon.framework/Versions/A/Frameworks/OpenScripting.framework/Versions/A/OpenScripting
0x000000000b0a0000 	/System/Library/Frameworks/Carbon.framework/Versions/A/Frameworks/Print.framework/Versions/A/Print
0x000000000b0a0000 	/System/Library/Frameworks/Carbon.framework/Versions/A/Frameworks/SecurityHI.framework/Versions/A/SecurityHI
0x000000010c135000 	/Library/Java/JavaVirtualMachines/jdk1.7.0_11.jdk/Contents/Home/jre/lib/libdt_socket.dylib

VM Arguments:
jvm_args: -agentlib:jdwp=transport=dt_socket,suspend=y,address=localhost:51069 -Dfile.encoding=MacRoman 
java_command: com.algorithm.DeltaEncoding
Launcher Type: SUN_STANDARD

Environment Variables:
PATH=/usr/bin:/bin:/usr/sbin:/sbin
SHELL=/bin/bash

Signal Handlers:
SIGSEGV: [libjvm.dylib+0x4a363d], sa_mask[0]=0xfffefeff, sa_flags=0x00000042
SIGBUS: [libjvm.dylib+0x4a363d], sa_mask[0]=0xfffefeff, sa_flags=0x00000042
SIGFPE: [libjvm.dylib+0x3b3051], sa_mask[0]=0xfffefeff, sa_flags=0x00000042
SIGPIPE: [libjvm.dylib+0x3b3051], sa_mask[0]=0xfffefeff, sa_flags=0x00000042
SIGXFSZ: [libjvm.dylib+0x3b3051], sa_mask[0]=0xfffefeff, sa_flags=0x00000042
SIGILL: [libjvm.dylib+0x3b3051], sa_mask[0]=0xfffefeff, sa_flags=0x00000042
SIGUSR1: SIG_DFL, sa_mask[0]=0x00000000, sa_flags=0x00000000
SIGUSR2: [libjvm.dylib+0x3b2bea], sa_mask[0]=0x00000004, sa_flags=0x00000042
SIGHUP: [libjvm.dylib+0x3b0e4b], sa_mask[0]=0xfffefeff, sa_flags=0x00000042
SIGINT: [libjvm.dylib+0x3b0e4b], sa_mask[0]=0xfffefeff, sa_flags=0x00000042
SIGTERM: [libjvm.dylib+0x3b0e4b], sa_mask[0]=0xfffefeff, sa_flags=0x00000042
SIGQUIT: [libjvm.dylib+0x3b0e4b], sa_mask[0]=0xfffefeff, sa_flags=0x00000042


---------------  S Y S T E M  ---------------

OS:Bsduname:Darwin 15.3.0 Darwin Kernel Version 15.3.0: Thu Dec 10 18:40:58 PST 2015; root:xnu-3248.30.4~1/RELEASE_X86_64 x86_64
rlimit: STACK 8192k, CORE 0k, NPROC 709, NOFILE 10240, AS infinity
load average:1.94 1.96 1.93

CPU:total 4 (2 cores per cpu, 2 threads per core) family 6 model 42 stepping 7, cmov, cx8, fxsr, mmx, sse, sse2, sse3, ssse3, sse4.1, sse4.2, popcnt, avx, ht, tsc, tscinvbit

Memory: 4k page, physical 813312k(203328k free)

/proc/meminfo:


vm_info: Java HotSpot(TM) 64-Bit Server VM (23.6-b04) for bsd-amd64 JRE (1.7.0_11-b21), built on Jan 13 2013 01:04:28 by "java_re" with gcc 4.2.1 (Based on Apple Inc. build 5658) (LLVM build 2336.11.00)

time: Thu Apr 20 23:06:59 2017
elapsed time: 855 seconds

